android_App_Aviary/build/outputs/logs/manifest-merger-debug-report.txt
-- Merging decision tree log ---
manifest
ADDED from AndroidManifest.xml:2:1
	package
		ADDED from AndroidManifest.xml:2:11
		INJECTED from AndroidManifest.xml:0:0
		INJECTED from AndroidManifest.xml:0:0
	android:versionName
		ADDED from AndroidManifest.xml:5:11
	android:versionCode
		ADDED from AndroidManifest.xml:4:11
		INJECTED from AndroidManifest.xml:0:0
		INJECTED from AndroidManifest.xml:0:0
	xmlns:android
		ADDED from AndroidManifest.xml:3:11
uses-sdk
ADDED from AndroidManifest.xml:11:5
MERGED from Muser:aviaryAndroidSDKmaster:unspecified:11:5
MERGED from com.android.support:appcompat-v7:19.1.0:18:5
	android:targetSdkVersion
		ADDED from AndroidManifest.xml:13:9
		INJECTED from AndroidManifest.xml:0:0
		INJECTED from AndroidManifest.xml:0:0
	android:minSdkVersion
		ADDED from AndroidManifest.xml:12:9
		INJECTED from AndroidManifest.xml:0:0
		INJECTED from AndroidManifest.xml:0:0
uses-permission#android.permission.INTERNET
ADDED from AndroidManifest.xml:16:5
	android:name
		ADDED from AndroidManifest.xml:16:22
uses-permission#android.permission.WRITE_EXTERNAL_STORAGE
ADDED from AndroidManifest.xml:17:5
	android:name
		ADDED from AndroidManifest.xml:17:22
uses-permission#android.permission.read_external_storage
ADDED from AndroidManifest.xml:18:5
	android:name
		ADDED from AndroidManifest.xml:18:22
uses-permission#android.permission.VIBRATE
ADDED from AndroidManifest.xml:25:5
	android:name
		ADDED from AndroidManifest.xml:25:22
application
ADDED from AndroidManifest.xml:27:5
MERGED from Muser:aviaryAndroidSDKmaster:unspecified:24:5
MERGED from com.android.support:appcompat-v7:19.1.0:19:5
	android:label
		ADDED from AndroidManifest.xml:32:9
	android:hardwareAccelerated
		ADDED from AndroidManifest.xml:30:9
	android:allowBackup
		ADDED from AndroidManifest.xml:29:9
	android:icon
		ADDED from AndroidManifest.xml:31:9
	android:largeHeap
		ADDED from AndroidManifest.xml:33:9
	android:name
		ADDED from AndroidManifest.xml:28:9
activity#com.aviary.launcher3d.MainActivity
ADDED from AndroidManifest.xml:34:9
	android:screenOrientation
		ADDED from AndroidManifest.xml:37:13
	android:label
		ADDED from AndroidManifest.xml:36:13
	android:theme
		ADDED from AndroidManifest.xml:38:13
	android:name
		ADDED from AndroidManifest.xml:35:13
intent-filter#android.intent.action.MAIN+android.intent.category.LAUNCHER
ADDED from AndroidManifest.xml:41:13
action#android.intent.action.MAIN
ADDED from AndroidManifest.xml:42:17
	android:name
		ADDED from AndroidManifest.xml:42:25
category#android.intent.category.LAUNCHER
ADDED from AndroidManifest.xml:44:17
	android:name
		ADDED from AndroidManifest.xml:44:27
intent-filter#android.intent.action.CHOOSER+android.intent.category.DEFAULT
ADDED from AndroidManifest.xml:48:13
action#android.intent.action.CHOOSER
ADDED from AndroidManifest.xml:49:17
	android:name
		ADDED from AndroidManifest.xml:49:25
category#android.intent.category.DEFAULT
ADDED from AndroidManifest.xml:50:17
	android:name
		ADDED from AndroidManifest.xml:50:27
data
ADDED from AndroidManifest.xml:51:17
	android:mimeType
		ADDED from AndroidManifest.xml:51:23
intent-filter#android.intent.action.SEND+android.intent.category.DEFAULT
ADDED from AndroidManifest.xml:53:13
action#android.intent.action.SEND
ADDED from AndroidManifest.xml:54:17
	android:name
		ADDED from AndroidManifest.xml:54:25
intent-filter#android.intent.action.VIEW+android.intent.category.DEFAULT
ADDED from AndroidManifest.xml:58:13
action#android.intent.action.VIEW
ADDED from AndroidManifest.xml:59:17
	android:name
		ADDED from AndroidManifest.xml:59:25
activity#com.aviary.android.feather.FeatherActivity
ADDED from AndroidManifest.xml:72:9
	android:process
		ADDED from AndroidManifest.xml:77:13
	android:screenOrientation
		ADDED from AndroidManifest.xml:78:13
	android:hardwareAccelerated
		ADDED from AndroidManifest.xml:76:13
	android:configChanges
		ADDED from AndroidManifest.xml:74:13
	android:uiOptions
		ADDED from AndroidManifest.xml:80:13
	android:finishOnTaskLaunch
		ADDED from AndroidManifest.xml:75:13
	android:theme
		ADDED from AndroidManifest.xml:79:13
	android:name
		ADDED from AndroidManifest.xml:73:13
activity#com.aviary.android.feather.AlertActivity
ADDED from AndroidManifest.xml:83:9
	android:launchMode
		ADDED from AndroidManifest.xml:85:13
	android:noHistory
		ADDED from AndroidManifest.xml:86:13
	android:theme
		ADDED from AndroidManifest.xml:87:13
	android:name
		ADDED from AndroidManifest.xml:84:13
intent-filter#android.intent.category.DEFAULT+aviary.intent.action.ALERT
ADDED from AndroidManifest.xml:88:13
action#aviary.intent.action.ALERT
ADDED from AndroidManifest.xml:89:17
	android:name
		ADDED from AndroidManifest.xml:89:25
provider#com.aviary.android.feather.library.providers.FeatherContentProvider
ADDED from AndroidManifest.xml:99:9
	android:authorities
		ADDED from AndroidManifest.xml:101:13
	android:process
		ADDED from AndroidManifest.xml:103:13
	android:exported
		ADDED from AndroidManifest.xml:102:13
	android:name
		ADDED from AndroidManifest.xml:100:13
service#com.aviary.android.feather.cds.AviaryCdsService
ADDED from AndroidManifest.xml:107:9
	android:process
		ADDED from AndroidManifest.xml:110:13
	android:exported
		ADDED from AndroidManifest.xml:109:13
	android:name
		ADDED from AndroidManifest.xml:108:13
intent-filter#aviary.intent.action.CDS_DOWNLOAD_START+aviary.intent.action.CDS_RESTORE_USER_ITEMS
ADDED from AndroidManifest.xml:111:13
action#aviary.intent.action.CDS_DOWNLOAD_START
ADDED from AndroidManifest.xml:112:17
	android:name
		ADDED from AndroidManifest.xml:112:25
action#aviary.intent.action.CDS_RESTORE_USER_ITEMS
ADDED from AndroidManifest.xml:113:17
	android:name
		ADDED from AndroidManifest.xml:113:25
provider#com.aviary.android.feather.cds.AviaryCdsProvider
ADDED from AndroidManifest.xml:123:9
	android:authorities
		ADDED from AndroidManifest.xml:125:13
	android:process
		ADDED from AndroidManifest.xml:127:13
	android:syncable
		ADDED from AndroidManifest.xml:128:13
	android:exported
		ADDED from AndroidManifest.xml:126:13
	android:name
		ADDED from AndroidManifest.xml:124:13
receiver#com.aviary.android.feather.cds.AviaryCdsReceiver
ADDED from AndroidManifest.xml:131:9
	android:process
		ADDED from AndroidManifest.xml:133:13
	android:name
		ADDED from AndroidManifest.xml:132:13
intent-filter#android.intent.action.DOWNLOAD_COMPLETE
ADDED from AndroidManifest.xml:134:13
action#android.intent.action.DOWNLOAD_COMPLETE
ADDED from AndroidManifest.xml:135:17
	android:name
		ADDED from AndroidManifest.xml:135:25
meta-data#com.aviary.android.feather.v1.API_KEY
ADDED from AndroidManifest.xml:140:9
	android:value
		ADDED from AndroidManifest.xml:142:13
	android:name
		ADDED from AndroidManifest.xml:141:13
activity#com.aviary.launcher3d.ImageInfoActivity
ADDED from AndroidManifest.xml:160:9
	android:label
		ADDED from AndroidManifest.xml:162:13
	android:launchMode
		ADDED from AndroidManifest.xml:163:13
	android:noHistory
		ADDED from AndroidManifest.xml:164:13
	android:theme
		ADDED from AndroidManifest.xml:165:13
	android:name
		ADDED from AndroidManifest.xml:161:13